<?xml version="1.0" encoding="UTF-8"?>
<!-- Generated by org.testng.reporters.JUnitXMLReporter -->
<testsuite hostname="AITLA002488" ignored="0" name="Test" tests="20" failures="0" timestamp="2021-04-16T09:27:43 IST" time="464.115" errors="0">
  <testcase name="runCreateLead" time="11.026" classname="testngAssigment.CreateLead"/>
  <testcase name="runCreateLead" time="9.78" classname="testngAssigment.CreateLead"/>
  <testcase name="runCreateLead" time="10.621" classname="testngAssigment.CreateLead"/>
  <testcase name="runCreateLead" time="10.136" classname="testngAssigment.CreateLead"/>
  <testcase name="runCreateLead" time="9.829" classname="testngAssigment.CreateLead"/>
  <testcase name="runEditLead" time="19.164" classname="testngAssigment.EditLead"/>
  <testcase name="runEditLead" time="17.949" classname="testngAssigment.EditLead"/>
  <testcase name="runEditLead" time="17.677" classname="testngAssigment.EditLead"/>
  <testcase name="runEditLead" time="17.759" classname="testngAssigment.EditLead"/>
  <testcase name="runEditLead" time="17.608" classname="testngAssigment.EditLead"/>
  <testcase name="runDeleteLead" time="15.723" classname="testngAssigment.DeleteLead"/>
  <testcase name="runDeleteLead" time="15.002" classname="testngAssigment.DeleteLead"/>
  <testcase name="runDeleteLead" time="15.277" classname="testngAssigment.DeleteLead"/>
  <testcase name="runDeleteLead" time="16.672" classname="testngAssigment.DeleteLead"/>
  <testcase name="runMergeLead" time="19.067" classname="testngAssigment.MergeLead"/>
  <testcase name="runMergeLead" time="16.37" classname="testngAssigment.MergeLead"/>
  <testcase name="runMergeLead" time="16.075" classname="testngAssigment.MergeLead"/>
  <testcase name="runDuplicateLead" time="13.677" classname="testngAssigment.DuplicateLead"/>
  <testcase name="runDuplicateLead" time="12.653" classname="testngAssigment.DuplicateLead"/>
  <testcase name="runDuplicateLead" time="12.771" classname="testngAssigment.DuplicateLead"/>
</testsuite> <!-- Test -->
