<?xml version="1.0" encoding="UTF-8"?>
<testng-results skipped="0" failed="2" ignored="0" total="2" passed="0">
  <reporter-output>
  </reporter-output>
  <suite name="Default suite" duration-ms="27520" started-at="2021-06-20T13:53:11 IST" finished-at="2021-06-20T13:53:39 IST">
    <groups>
    </groups>
    <test name="Default test" duration-ms="27520" started-at="2021-06-20T13:53:11 IST" finished-at="2021-06-20T13:53:39 IST">
      <class name="testcase.CreateLeadTestCase">
        <test-method status="PASS" signature="startReport()[pri:0, instance:testcase.CreateLeadTestCase@35a50a4c]" name="startReport" is-config="true" duration-ms="268" started-at="2021-06-20T13:53:11 IST" finished-at="2021-06-20T13:53:11 IST">
          <reporter-output>
          </reporter-output>
        </test-method> <!-- startReport -->
        <test-method status="PASS" signature="setFileName()[pri:0, instance:testcase.CreateLeadTestCase@35a50a4c]" name="setFileName" is-config="true" duration-ms="1" started-at="2021-06-20T13:53:11 IST" finished-at="2021-06-20T13:53:11 IST">
          <reporter-output>
          </reporter-output>
        </test-method> <!-- setFileName -->
        <test-method status="PASS" signature="testDetails()[pri:0, instance:testcase.CreateLeadTestCase@35a50a4c]" name="testDetails" is-config="true" duration-ms="6" started-at="2021-06-20T13:53:11 IST" finished-at="2021-06-20T13:53:11 IST">
          <reporter-output>
          </reporter-output>
        </test-method> <!-- testDetails -->
        <test-method status="PASS" signature="preCondition()[pri:0, instance:testcase.CreateLeadTestCase@35a50a4c]" name="preCondition" is-config="true" duration-ms="6009" started-at="2021-06-20T13:53:12 IST" finished-at="2021-06-20T13:53:18 IST">
          <reporter-output>
          </reporter-output>
        </test-method> <!-- preCondition -->
        <test-method status="FAIL" signature="runCreateLead(java.lang.String, java.lang.String, java.lang.String, java.lang.String, java.lang.String)[pri:0, instance:testcase.CreateLeadTestCase@35a50a4c]" name="runCreateLead" duration-ms="2231" started-at="2021-06-20T13:53:18 IST" data-provider="fetchData" finished-at="2021-06-20T13:53:20 IST">
          <params>
            <param index="0">
              <value>
                <![CDATA[Demosalesmanager]]>
              </value>
            </param>
            <param index="1">
              <value>
                <![CDATA[crmsfa]]>
              </value>
            </param>
            <param index="2">
              <value>
                <![CDATA[HCL]]>
              </value>
            </param>
            <param index="3">
              <value>
                <![CDATA[Manju]]>
              </value>
            </param>
            <param index="4">
              <value>
                <![CDATA[M]]>
              </value>
            </param>
          </params>
          <exception class="java.lang.Error">
            <message>
              <![CDATA[Unresolved compilation problems: 
The import Base cannot be resolved
ProjectSpecificMethods cannot be resolved to a type
driver cannot be resolved or is not a field
driver cannot be resolved
driver cannot be resolved to a variable
]]>
            </message>
            <full-stacktrace>
              <![CDATA[java.lang.Error: Unresolved compilation problems: 
The import Base cannot be resolved
ProjectSpecificMethods cannot be resolved to a type
driver cannot be resolved or is not a field
driver cannot be resolved
driver cannot be resolved to a variable

at Pages.MyHomePage.<init>(MyHomePage.java:6)
at Pages.HomePage.clickCRMSALink(HomePage.java:35)
at testcase.CreateLeadTestCase.runCreateLead(CreateLeadTestCase.java:32)
at sun.reflect.NativeMethodAccessorImpl.invoke0(Native Method)
at sun.reflect.NativeMethodAccessorImpl.invoke(Unknown Source)
at sun.reflect.DelegatingMethodAccessorImpl.invoke(Unknown Source)
at java.lang.reflect.Method.invoke(Unknown Source)
at org.testng.internal.MethodInvocationHelper.invokeMethod(MethodInvocationHelper.java:132)
at org.testng.internal.TestInvoker.invokeMethod(TestInvoker.java:599)
at org.testng.internal.TestInvoker.invokeTestMethod(TestInvoker.java:174)
at org.testng.internal.MethodRunner.runInSequence(MethodRunner.java:46)
at org.testng.internal.TestInvoker$MethodInvocationAgent.invoke(TestInvoker.java:822)
at org.testng.internal.TestInvoker.invokeTestMethods(TestInvoker.java:147)
at org.testng.internal.TestMethodWorker.invokeTestMethods(TestMethodWorker.java:146)
at org.testng.internal.TestMethodWorker.run(TestMethodWorker.java:128)
at java.util.ArrayList.forEach(Unknown Source)
at org.testng.TestRunner.privateRun(TestRunner.java:764)
at org.testng.TestRunner.run(TestRunner.java:585)
at org.testng.SuiteRunner.runTest(SuiteRunner.java:384)
at org.testng.SuiteRunner.runSequentially(SuiteRunner.java:378)
at org.testng.SuiteRunner.privateRun(SuiteRunner.java:337)
at org.testng.SuiteRunner.run(SuiteRunner.java:286)
at org.testng.SuiteRunnerWorker.runSuite(SuiteRunnerWorker.java:53)
at org.testng.SuiteRunnerWorker.run(SuiteRunnerWorker.java:96)
at org.testng.TestNG.runSuitesSequentially(TestNG.java:1218)
at org.testng.TestNG.runSuitesLocally(TestNG.java:1140)
at org.testng.TestNG.runSuites(TestNG.java:1069)
at org.testng.TestNG.run(TestNG.java:1037)
at org.testng.remote.AbstractRemoteTestNG.run(AbstractRemoteTestNG.java:115)
at org.testng.remote.RemoteTestNG.initAndRun(RemoteTestNG.java:251)
at org.testng.remote.RemoteTestNG.main(RemoteTestNG.java:77)
]]>
            </full-stacktrace>
          </exception> <!-- java.lang.Error -->
          <reporter-output>
          </reporter-output>
        </test-method> <!-- runCreateLead -->
        <test-method status="PASS" signature="postCondition()[pri:0, instance:testcase.CreateLeadTestCase@35a50a4c]" name="postCondition" is-config="true" duration-ms="7152" started-at="2021-06-20T13:53:20 IST" finished-at="2021-06-20T13:53:27 IST">
          <reporter-output>
          </reporter-output>
        </test-method> <!-- postCondition -->
        <test-method status="PASS" signature="preCondition()[pri:0, instance:testcase.CreateLeadTestCase@35a50a4c]" name="preCondition" is-config="true" duration-ms="1948" started-at="2021-06-20T13:53:27 IST" finished-at="2021-06-20T13:53:29 IST">
          <reporter-output>
          </reporter-output>
        </test-method> <!-- preCondition -->
        <test-method status="FAIL" signature="runCreateLead(java.lang.String, java.lang.String, java.lang.String, java.lang.String, java.lang.String)[pri:0, instance:testcase.CreateLeadTestCase@35a50a4c]" name="runCreateLead" duration-ms="2533" started-at="2021-06-20T13:53:29 IST" data-provider="fetchData" finished-at="2021-06-20T13:53:32 IST">
          <params>
            <param index="0">
              <value>
                <![CDATA[Demosalesmanager]]>
              </value>
            </param>
            <param index="1">
              <value>
                <![CDATA[crmsfa]]>
              </value>
            </param>
            <param index="2">
              <value>
                <![CDATA[TCS]]>
              </value>
            </param>
            <param index="3">
              <value>
                <![CDATA[Naveen]]>
              </value>
            </param>
            <param index="4">
              <value>
                <![CDATA[k]]>
              </value>
            </param>
          </params>
          <exception class="java.lang.Error">
            <message>
              <![CDATA[Unresolved compilation problems: 
The import Base cannot be resolved
ProjectSpecificMethods cannot be resolved to a type
driver cannot be resolved or is not a field
driver cannot be resolved
driver cannot be resolved to a variable
]]>
            </message>
            <full-stacktrace>
              <![CDATA[java.lang.Error: Unresolved compilation problems: 
The import Base cannot be resolved
ProjectSpecificMethods cannot be resolved to a type
driver cannot be resolved or is not a field
driver cannot be resolved
driver cannot be resolved to a variable

at Pages.MyHomePage.<init>(MyHomePage.java:6)
at Pages.HomePage.clickCRMSALink(HomePage.java:35)
at testcase.CreateLeadTestCase.runCreateLead(CreateLeadTestCase.java:32)
at sun.reflect.NativeMethodAccessorImpl.invoke0(Native Method)
at sun.reflect.NativeMethodAccessorImpl.invoke(Unknown Source)
at sun.reflect.DelegatingMethodAccessorImpl.invoke(Unknown Source)
at java.lang.reflect.Method.invoke(Unknown Source)
at org.testng.internal.MethodInvocationHelper.invokeMethod(MethodInvocationHelper.java:132)
at org.testng.internal.TestInvoker.invokeMethod(TestInvoker.java:599)
at org.testng.internal.TestInvoker.invokeTestMethod(TestInvoker.java:174)
at org.testng.internal.MethodRunner.runInSequence(MethodRunner.java:46)
at org.testng.internal.TestInvoker$MethodInvocationAgent.invoke(TestInvoker.java:822)
at org.testng.internal.TestInvoker.invokeTestMethods(TestInvoker.java:147)
at org.testng.internal.TestMethodWorker.invokeTestMethods(TestMethodWorker.java:146)
at org.testng.internal.TestMethodWorker.run(TestMethodWorker.java:128)
at java.util.ArrayList.forEach(Unknown Source)
at org.testng.TestRunner.privateRun(TestRunner.java:764)
at org.testng.TestRunner.run(TestRunner.java:585)
at org.testng.SuiteRunner.runTest(SuiteRunner.java:384)
at org.testng.SuiteRunner.runSequentially(SuiteRunner.java:378)
at org.testng.SuiteRunner.privateRun(SuiteRunner.java:337)
at org.testng.SuiteRunner.run(SuiteRunner.java:286)
at org.testng.SuiteRunnerWorker.runSuite(SuiteRunnerWorker.java:53)
at org.testng.SuiteRunnerWorker.run(SuiteRunnerWorker.java:96)
at org.testng.TestNG.runSuitesSequentially(TestNG.java:1218)
at org.testng.TestNG.runSuitesLocally(TestNG.java:1140)
at org.testng.TestNG.runSuites(TestNG.java:1069)
at org.testng.TestNG.run(TestNG.java:1037)
at org.testng.remote.AbstractRemoteTestNG.run(AbstractRemoteTestNG.java:115)
at org.testng.remote.RemoteTestNG.initAndRun(RemoteTestNG.java:251)
at org.testng.remote.RemoteTestNG.main(RemoteTestNG.java:77)
]]>
            </full-stacktrace>
          </exception> <!-- java.lang.Error -->
          <reporter-output>
          </reporter-output>
        </test-method> <!-- runCreateLead -->
        <test-method status="PASS" signature="postCondition()[pri:0, instance:testcase.CreateLeadTestCase@35a50a4c]" name="postCondition" is-config="true" duration-ms="7091" started-at="2021-06-20T13:53:32 IST" finished-at="2021-06-20T13:53:39 IST">
          <reporter-output>
          </reporter-output>
        </test-method> <!-- postCondition -->
        <test-method status="PASS" signature="stopReport()[pri:0, instance:testcase.CreateLeadTestCase@35a50a4c]" name="stopReport" is-config="true" duration-ms="422" started-at="2021-06-20T13:53:39 IST" finished-at="2021-06-20T13:53:39 IST">
          <reporter-output>
          </reporter-output>
        </test-method> <!-- stopReport -->
      </class> <!-- testcase.CreateLeadTestCase -->
    </test> <!-- Default test -->
  </suite> <!-- Default suite -->
</testng-results>
