<?xml version="1.0" encoding="UTF-8"?>
<!-- Generated by org.testng.reporters.JUnitXMLReporter -->
<testsuite hostname="AITLA002488" ignored="0" name="Test" tests="2" failures="0" timestamp="2021-04-15T16:07:16 IST" time="0.057" errors="0">
  <testcase name="@BeforeMethod preCondition" time="-1.618483036476E9" classname="testcase1.BaseClass">
    <failure type="org.testng.TestNGException" message="
Parameter &amp;apos;url&amp;apos; is required by BeforeMethod on method preCondition but has not been marked @Optional or defined
in C:\E\eclipse_64bit\SeleniumLearning\testngAssignmentWeek5.xml">
      <![CDATA[org.testng.TestNGException: 
Parameter 'url' is required by BeforeMethod on method preCondition but has not been marked @Optional or defined
in C:\E\eclipse_64bit\SeleniumLearning\testngAssignmentWeek5.xml
at org.testng.internal.Parameters.createParams(Parameters.java:268)
at org.testng.internal.Parameters.createParametersForMethod(Parameters.java:356)
at org.testng.internal.Parameters.createParameters(Parameters.java:700)
at org.testng.internal.Parameters.createConfigurationParameters(Parameters.java:166)
at org.testng.internal.ConfigInvoker.invokeConfigurations(ConfigInvoker.java:301)
at org.testng.internal.TestInvoker.runConfigMethods(TestInvoker.java:701)
at org.testng.internal.TestInvoker.invokeMethod(TestInvoker.java:527)
at org.testng.internal.TestInvoker.invokeTestMethod(TestInvoker.java:174)
at org.testng.internal.MethodRunner.runInSequence(MethodRunner.java:46)
at org.testng.internal.TestInvoker$MethodInvocationAgent.invoke(TestInvoker.java:822)
at org.testng.internal.TestInvoker.invokeTestMethods(TestInvoker.java:147)
at org.testng.internal.TestMethodWorker.invokeTestMethods(TestMethodWorker.java:146)
at org.testng.internal.TestMethodWorker.run(TestMethodWorker.java:128)
at java.util.concurrent.ThreadPoolExecutor.runWorker(Unknown Source)
at java.util.concurrent.ThreadPoolExecutor$Worker.run(Unknown Source)
at java.lang.Thread.run(Unknown Source)
]]>
    </failure>
  </testcase> <!-- @BeforeMethod preCondition -->
  <testcase name="@AfterMethod postCondition" time="-1.618483036491E9" classname="testcase1.BaseClass">
    <skipped/>
  </testcase> <!-- @AfterMethod postCondition -->
  <testcase name="@BeforeMethod preCondition" time="-1.618483036493E9" classname="testcase1.BaseClass">
    <skipped/>
  </testcase> <!-- @BeforeMethod preCondition -->
  <testcase name="@AfterMethod postCondition" time="-1.618483036496E9" classname="testcase1.BaseClass">
    <skipped/>
  </testcase> <!-- @AfterMethod postCondition -->
  <testcase name="runCreateLead" time="0.0" classname="testcase1.CreateLead">
    <skipped/>
  </testcase> <!-- runCreateLead -->
  <testcase name="runCreateLead" time="0.0" classname="testcase1.CreateLead">
    <skipped/>
  </testcase> <!-- runCreateLead -->
</testsuite> <!-- Test -->
